[Mon, 01 Apr 19 15:21:13 +0900][ERROR] General\Core\Converter\Controllers\UploadsController handler class cannot be loaded
[Mon, 01 Apr 19 15:21:13 +0900][ERROR] #0 [internal function]: Phalcon\Mvc\Dispatcher->_throwDispatchException('General\\Core\\Co...', 2)
#1 [internal function]: Phalcon\Dispatcher->dispatch()
#2 /vagrant_data/html/bentotest/convert/public/index.php(44): Phalcon\Mvc\Application->handle()
#3 {main}
[Mon, 01 Apr 19 15:25:03 +0900][ERROR] General\Core\Converter\Controllers\UploadsController handler class cannot be loaded
[Mon, 01 Apr 19 15:25:03 +0900][ERROR] #0 [internal function]: Phalcon\Mvc\Dispatcher->_throwDispatchException('General\\Core\\Co...', 2)
#1 [internal function]: Phalcon\Dispatcher->dispatch()
#2 /vagrant_data/html/bentotest/convert/public/index.php(44): Phalcon\Mvc\Application->handle()
#3 {main}
[Mon, 01 Apr 19 15:27:11 +0900][ERROR] General\Core\Converter\Controllers\UploadsController handler class cannot be loaded
[Mon, 01 Apr 19 15:27:11 +0900][ERROR] #0 [internal function]: Phalcon\Mvc\Dispatcher->_throwDispatchException('General\\Core\\Co...', 2)
#1 [internal function]: Phalcon\Dispatcher->dispatch()
#2 /vagrant_data/html/bentotest/convert/public/index.php(44): Phalcon\Mvc\Application->handle()
#3 {main}
[Mon, 01 Apr 19 15:27:11 +0900][ERROR] General\Core\Converter\Controllers\UploadsController handler class cannot be loaded
[Mon, 01 Apr 19 15:27:11 +0900][ERROR] #0 [internal function]: Phalcon\Mvc\Dispatcher->_throwDispatchException('General\\Core\\Co...', 2)
#1 [internal function]: Phalcon\Dispatcher->dispatch()
#2 /vagrant_data/html/bentotest/convert/public/index.php(44): Phalcon\Mvc\Application->handle()
#3 {main}
[Mon, 01 Apr 19 15:27:11 +0900][ERROR] General\Core\Converter\Controllers\UploadsController handler class cannot be loaded
[Mon, 01 Apr 19 15:27:11 +0900][ERROR] #0 [internal function]: Phalcon\Mvc\Dispatcher->_throwDispatchException('General\\Core\\Co...', 2)
#1 [internal function]: Phalcon\Dispatcher->dispatch()
#2 /vagrant_data/html/bentotest/convert/public/index.php(44): Phalcon\Mvc\Application->handle()
#3 {main}
[Mon, 01 Apr 19 15:27:11 +0900][ERROR] General\Core\Converter\Controllers\UploadsController handler class cannot be loaded
[Mon, 01 Apr 19 15:27:11 +0900][ERROR] #0 [internal function]: Phalcon\Mvc\Dispatcher->_throwDispatchException('General\\Core\\Co...', 2)
#1 [internal function]: Phalcon\Dispatcher->dispatch()
#2 /vagrant_data/html/bentotest/convert/public/index.php(44): Phalcon\Mvc\Application->handle()
#3 {main}
[Mon, 01 Apr 19 15:27:14 +0900][ERROR] General\Core\Converter\Controllers\UploadsController handler class cannot be loaded
[Mon, 01 Apr 19 15:27:14 +0900][ERROR] #0 [internal function]: Phalcon\Mvc\Dispatcher->_throwDispatchException('General\\Core\\Co...', 2)
#1 [internal function]: Phalcon\Dispatcher->dispatch()
#2 /vagrant_data/html/bentotest/convert/public/index.php(44): Phalcon\Mvc\Application->handle()
#3 {main}
[Mon, 01 Apr 19 15:28:12 +0900][ERROR] General\Core\Converter\Controllers\UploadsController handler class cannot be loaded
[Mon, 01 Apr 19 15:28:12 +0900][ERROR] #0 [internal function]: Phalcon\Mvc\Dispatcher->_throwDispatchException('General\\Core\\Co...', 2)
#1 [internal function]: Phalcon\Dispatcher->dispatch()
#2 /vagrant_data/html/bentotest/convert/public/index.php(44): Phalcon\Mvc\Application->handle()
#3 {main}
[Mon, 01 Apr 19 15:28:12 +0900][ERROR] General\Core\Converter\Controllers\UploadsController handler class cannot be loaded
[Mon, 01 Apr 19 15:28:12 +0900][ERROR] #0 [internal function]: Phalcon\Mvc\Dispatcher->_throwDispatchException('General\\Core\\Co...', 2)
#1 [internal function]: Phalcon\Dispatcher->dispatch()
#2 /vagrant_data/html/bentotest/convert/public/index.php(44): Phalcon\Mvc\Application->handle()
#3 {main}
[Mon, 01 Apr 19 15:28:12 +0900][ERROR] General\Core\Converter\Controllers\UploadsController handler class cannot be loaded
[Mon, 01 Apr 19 15:28:12 +0900][ERROR] #0 [internal function]: Phalcon\Mvc\Dispatcher->_throwDispatchException('General\\Core\\Co...', 2)
#1 [internal function]: Phalcon\Dispatcher->dispatch()
#2 /vagrant_data/html/bentotest/convert/public/index.php(44): Phalcon\Mvc\Application->handle()
#3 {main}
[Mon, 01 Apr 19 15:28:12 +0900][ERROR] General\Core\Converter\Controllers\UploadsController handler class cannot be loaded
[Mon, 01 Apr 19 15:28:12 +0900][ERROR] #0 [internal function]: Phalcon\Mvc\Dispatcher->_throwDispatchException('General\\Core\\Co...', 2)
#1 [internal function]: Phalcon\Dispatcher->dispatch()
#2 /vagrant_data/html/bentotest/convert/public/index.php(44): Phalcon\Mvc\Application->handle()
#3 {main}
[Mon, 01 Apr 19 15:28:15 +0900][ERROR] General\Core\Converter\Controllers\UploadsController handler class cannot be loaded
[Mon, 01 Apr 19 15:28:15 +0900][ERROR] #0 [internal function]: Phalcon\Mvc\Dispatcher->_throwDispatchException('General\\Core\\Co...', 2)
#1 [internal function]: Phalcon\Dispatcher->dispatch()
#2 /vagrant_data/html/bentotest/convert/public/index.php(44): Phalcon\Mvc\Application->handle()
#3 {main}
[Mon, 01 Apr 19 15:28:16 +0900][ERROR] General\Core\Converter\Controllers\UploadsController handler class cannot be loaded
[Mon, 01 Apr 19 15:28:16 +0900][ERROR] #0 [internal function]: Phalcon\Mvc\Dispatcher->_throwDispatchException('General\\Core\\Co...', 2)
#1 [internal function]: Phalcon\Dispatcher->dispatch()
#2 /vagrant_data/html/bentotest/convert/public/index.php(44): Phalcon\Mvc\Application->handle()
#3 {main}
[Mon, 01 Apr 19 15:28:18 +0900][ERROR] General\Core\Converter\Controllers\UploadsController handler class cannot be loaded
[Mon, 01 Apr 19 15:28:18 +0900][ERROR] #0 [internal function]: Phalcon\Mvc\Dispatcher->_throwDispatchException('General\\Core\\Co...', 2)
#1 [internal function]: Phalcon\Dispatcher->dispatch()
#2 /vagrant_data/html/bentotest/convert/public/index.php(44): Phalcon\Mvc\Application->handle()
#3 {main}
[Mon, 01 Apr 19 15:29:02 +0900][ERROR] General\Core\Converter\Controllers\UploadsController handler class cannot be loaded
[Mon, 01 Apr 19 15:29:02 +0900][ERROR] #0 [internal function]: Phalcon\Mvc\Dispatcher->_throwDispatchException('General\\Core\\Co...', 2)
#1 [internal function]: Phalcon\Dispatcher->dispatch()
#2 /vagrant_data/html/bentotest/convert/public/index.php(44): Phalcon\Mvc\Application->handle()
#3 {main}
[Mon, 01 Apr 19 15:29:02 +0900][ERROR] General\Core\Converter\Controllers\UploadsController handler class cannot be loaded
[Mon, 01 Apr 19 15:29:02 +0900][ERROR] #0 [internal function]: Phalcon\Mvc\Dispatcher->_throwDispatchException('General\\Core\\Co...', 2)
#1 [internal function]: Phalcon\Dispatcher->dispatch()
#2 /vagrant_data/html/bentotest/convert/public/index.php(44): Phalcon\Mvc\Application->handle()
#3 {main}
[Mon, 01 Apr 19 15:29:02 +0900][ERROR] General\Core\Converter\Controllers\UploadsController handler class cannot be loaded
[Mon, 01 Apr 19 15:29:02 +0900][ERROR] #0 [internal function]: Phalcon\Mvc\Dispatcher->_throwDispatchException('General\\Core\\Co...', 2)
#1 [internal function]: Phalcon\Dispatcher->dispatch()
#2 /vagrant_data/html/bentotest/convert/public/index.php(44): Phalcon\Mvc\Application->handle()
#3 {main}
[Mon, 01 Apr 19 15:29:02 +0900][ERROR] General\Core\Converter\Controllers\UploadsController handler class cannot be loaded
[Mon, 01 Apr 19 15:29:02 +0900][ERROR] #0 [internal function]: Phalcon\Mvc\Dispatcher->_throwDispatchException('General\\Core\\Co...', 2)
#1 [internal function]: Phalcon\Dispatcher->dispatch()
#2 /vagrant_data/html/bentotest/convert/public/index.php(44): Phalcon\Mvc\Application->handle()
#3 {main}
[Mon, 01 Apr 19 15:29:09 +0900][ERROR] General\Core\Converter\Controllers\UploadsController handler class cannot be loaded
[Mon, 01 Apr 19 15:29:09 +0900][ERROR] #0 [internal function]: Phalcon\Mvc\Dispatcher->_throwDispatchException('General\\Core\\Co...', 2)
#1 [internal function]: Phalcon\Dispatcher->dispatch()
#2 /vagrant_data/html/bentotest/convert/public/index.php(44): Phalcon\Mvc\Application->handle()
#3 {main}
[Mon, 01 Apr 19 15:35:03 +0900][ERROR] General\Core\Converter\Controllers\UploadsController handler class cannot be loaded
[Mon, 01 Apr 19 15:35:03 +0900][ERROR] #0 [internal function]: Phalcon\Mvc\Dispatcher->_throwDispatchException('General\\Core\\Co...', 2)
#1 [internal function]: Phalcon\Dispatcher->dispatch()
#2 /vagrant_data/html/bentotest/convert/public/index.php(44): Phalcon\Mvc\Application->handle()
#3 {main}
[Mon, 01 Apr 19 15:35:03 +0900][ERROR] General\Core\Converter\Controllers\UploadsController handler class cannot be loaded
[Mon, 01 Apr 19 15:35:03 +0900][ERROR] #0 [internal function]: Phalcon\Mvc\Dispatcher->_throwDispatchException('General\\Core\\Co...', 2)
#1 [internal function]: Phalcon\Dispatcher->dispatch()
#2 /vagrant_data/html/bentotest/convert/public/index.php(44): Phalcon\Mvc\Application->handle()
#3 {main}
[Mon, 01 Apr 19 15:35:03 +0900][ERROR] General\Core\Converter\Controllers\UploadsController handler class cannot be loaded
[Mon, 01 Apr 19 15:35:03 +0900][ERROR] #0 [internal function]: Phalcon\Mvc\Dispatcher->_throwDispatchException('General\\Core\\Co...', 2)
#1 [internal function]: Phalcon\Dispatcher->dispatch()
#2 /vagrant_data/html/bentotest/convert/public/index.php(44): Phalcon\Mvc\Application->handle()
#3 {main}
[Mon, 01 Apr 19 15:35:03 +0900][ERROR] General\Core\Converter\Controllers\UploadsController handler class cannot be loaded
[Mon, 01 Apr 19 15:35:03 +0900][ERROR] #0 [internal function]: Phalcon\Mvc\Dispatcher->_throwDispatchException('General\\Core\\Co...', 2)
#1 [internal function]: Phalcon\Dispatcher->dispatch()
#2 /vagrant_data/html/bentotest/convert/public/index.php(44): Phalcon\Mvc\Application->handle()
#3 {main}
[Mon, 01 Apr 19 15:35:08 +0900][ERROR] General\Core\Converter\Controllers\UploadsController handler class cannot be loaded
[Mon, 01 Apr 19 15:35:08 +0900][ERROR] #0 [internal function]: Phalcon\Mvc\Dispatcher->_throwDispatchException('General\\Core\\Co...', 2)
#1 [internal function]: Phalcon\Dispatcher->dispatch()
#2 /vagrant_data/html/bentotest/convert/public/index.php(44): Phalcon\Mvc\Application->handle()
#3 {main}
[Mon, 01 Apr 19 15:36:05 +0900][ERROR] General\Core\Converter\Controllers\UploadsController handler class cannot be loaded
[Mon, 01 Apr 19 15:36:05 +0900][ERROR] #0 [internal function]: Phalcon\Mvc\Dispatcher->_throwDispatchException('General\\Core\\Co...', 2)
#1 [internal function]: Phalcon\Dispatcher->dispatch()
#2 /vagrant_data/html/bentotest/convert/public/index.php(44): Phalcon\Mvc\Application->handle()
#3 {main}
[Mon, 01 Apr 19 15:36:05 +0900][ERROR] General\Core\Converter\Controllers\UploadsController handler class cannot be loaded
[Mon, 01 Apr 19 15:36:05 +0900][ERROR] #0 [internal function]: Phalcon\Mvc\Dispatcher->_throwDispatchException('General\\Core\\Co...', 2)
#1 [internal function]: Phalcon\Dispatcher->dispatch()
#2 /vagrant_data/html/bentotest/convert/public/index.php(44): Phalcon\Mvc\Application->handle()
#3 {main}
[Mon, 01 Apr 19 15:36:05 +0900][ERROR] General\Core\Converter\Controllers\UploadsController handler class cannot be loaded
[Mon, 01 Apr 19 15:36:05 +0900][ERROR] #0 [internal function]: Phalcon\Mvc\Dispatcher->_throwDispatchException('General\\Core\\Co...', 2)
#1 [internal function]: Phalcon\Dispatcher->dispatch()
#2 /vagrant_data/html/bentotest/convert/public/index.php(44): Phalcon\Mvc\Application->handle()
#3 {main}
[Mon, 01 Apr 19 15:36:05 +0900][ERROR] General\Core\Converter\Controllers\UploadsController handler class cannot be loaded
[Mon, 01 Apr 19 15:36:05 +0900][ERROR] #0 [internal function]: Phalcon\Mvc\Dispatcher->_throwDispatchException('General\\Core\\Co...', 2)
#1 [internal function]: Phalcon\Dispatcher->dispatch()
#2 /vagrant_data/html/bentotest/convert/public/index.php(44): Phalcon\Mvc\Application->handle()
#3 {main}
[Mon, 01 Apr 19 15:36:06 +0900][ERROR] General\Core\Converter\Controllers\UploadsController handler class cannot be loaded
[Mon, 01 Apr 19 15:36:06 +0900][ERROR] #0 [internal function]: Phalcon\Mvc\Dispatcher->_throwDispatchException('General\\Core\\Co...', 2)
#1 [internal function]: Phalcon\Dispatcher->dispatch()
#2 /vagrant_data/html/bentotest/convert/public/index.php(44): Phalcon\Mvc\Application->handle()
#3 {main}
[Mon, 01 Apr 19 15:36:09 +0900][ERROR] General\Core\Converter\Controllers\UploadsController handler class cannot be loaded
[Mon, 01 Apr 19 15:36:09 +0900][ERROR] #0 [internal function]: Phalcon\Mvc\Dispatcher->_throwDispatchException('General\\Core\\Co...', 2)
#1 [internal function]: Phalcon\Dispatcher->dispatch()
#2 /vagrant_data/html/bentotest/convert/public/index.php(44): Phalcon\Mvc\Application->handle()
#3 {main}
[Mon, 01 Apr 19 15:36:10 +0900][ERROR] General\Core\Converter\Controllers\UploadsController handler class cannot be loaded
[Mon, 01 Apr 19 15:36:10 +0900][ERROR] #0 [internal function]: Phalcon\Mvc\Dispatcher->_throwDispatchException('General\\Core\\Co...', 2)
#1 [internal function]: Phalcon\Dispatcher->dispatch()
#2 /vagrant_data/html/bentotest/convert/public/index.php(44): Phalcon\Mvc\Application->handle()
#3 {main}
[Mon, 01 Apr 19 15:36:15 +0900][ERROR] General\Core\Converter\Controllers\UploadsController handler class cannot be loaded
[Mon, 01 Apr 19 15:36:15 +0900][ERROR] #0 [internal function]: Phalcon\Mvc\Dispatcher->_throwDispatchException('General\\Core\\Co...', 2)
#1 [internal function]: Phalcon\Dispatcher->dispatch()
#2 /vagrant_data/html/bentotest/convert/public/index.php(44): Phalcon\Mvc\Application->handle()
#3 {main}
